2020-04-09 00:01:12.458  INFO 9213 --- [Thread-4] ConfigServletWebServerApplicationContext : Closing org.springframework.boot.web.servlet.context.AnnotationConfigServletWebServerApplicationContext@74d3b638: startup date [Wed Apr 08 22:54:12 IST 2020]; root of context hierarchy
2020-04-09 00:01:12.560  INFO 9213 --- [Thread-4] o.s.j.e.a.AnnotationMBeanExporter        : Unregistering JMX-exposed beans on shutdown
2020-04-09 00:01:12.563  INFO 9213 --- [Thread-4] o.s.j.e.a.AnnotationMBeanExporter        : Unregistering JMX-exposed beans
2020-04-09 00:01:12.623  INFO 9213 --- [Thread-4] j.LocalContainerEntityManagerFactoryBean : Closing JPA EntityManagerFactory for persistence unit 'default'
2020-04-09 00:01:12.623  INFO 9213 --- [Thread-4] .SchemaDropperImpl$DelayedDropActionImpl : HHH000477: Starting delayed drop of schema as part of SessionFactory shut-down'
2020-04-09 00:01:12.725  INFO 9213 --- [Thread-4] com.zaxxer.hikari.HikariDataSource       : HikariPool-1 - Shutdown initiated...
2020-04-09 00:01:12.730  INFO 9213 --- [Thread-4] com.zaxxer.hikari.HikariDataSource       : HikariPool-1 - Shutdown completed.
2020-04-09 17:47:26.146  INFO 30918 --- [main] c.i.edp.report.maker.ReportMakerApp      : Starting ReportMakerApp v1.0 on root with PID 30918 (/home/sai/EDP-DATA-MODULES/GITREPOSITROYDEPLOYMENT/Report-Maker/libs/edp-report-maker-1.0.jar started by root in /home/sai/EDP-DATA-MODULES/GITREPOSITROYDEPLOYMENT/Report-Maker/logs)
2020-04-09 17:47:26.184  INFO 30918 --- [main] c.i.edp.report.maker.ReportMakerApp      : No active profile set, falling back to default profiles: default
2020-04-09 17:47:26.410  INFO 30918 --- [main] ConfigServletWebServerApplicationContext : Refreshing org.springframework.boot.web.servlet.context.AnnotationConfigServletWebServerApplicationContext@5a8816cc: startup date [Thu Apr 09 17:47:26 IST 2020]; root of context hierarchy
2020-04-09 17:47:28.281  INFO 30918 --- [main] o.s.b.f.s.DefaultListableBeanFactory     : Overriding bean definition for bean 'ipCountryZipService' with a different definition: replacing [Root bean: class [org.springframework.data.jpa.repository.support.JpaRepositoryFactoryBean]; scope=; abstract=false; lazyInit=false; autowireMode=0; dependencyCheck=0; autowireCandidate=true; primary=false; factoryBeanName=null; factoryMethodName=null; initMethodName=null; destroyMethodName=null] with [Root bean: class [org.springframework.data.jpa.repository.support.JpaRepositoryFactoryBean]; scope=; abstract=false; lazyInit=false; autowireMode=0; dependencyCheck=0; autowireCandidate=true; primary=false; factoryBeanName=null; factoryMethodName=null; initMethodName=null; destroyMethodName=null]
2020-04-09 17:47:29.123  INFO 30918 --- [main] f.a.AutowiredAnnotationBeanPostProcessor : JSR-330 'javax.inject.Inject' annotation found and supported for autowiring
2020-04-09 17:47:29.358  INFO 30918 --- [main] trationDelegate$BeanPostProcessorChecker : Bean 'org.springframework.transaction.annotation.ProxyTransactionManagementConfiguration' of type [org.springframework.transaction.annotation.ProxyTransactionManagementConfiguration$$EnhancerBySpringCGLIB$$e42588da] is not eligible for getting processed by all BeanPostProcessors (for example: not eligible for auto-proxying)
2020-04-09 17:47:29.840  INFO 30918 --- [main] o.s.b.w.embedded.tomcat.TomcatWebServer  : Tomcat initialized with port(s): 9494 (http)
2020-04-09 17:47:29.883  INFO 30918 --- [main] o.apache.catalina.core.StandardService   : Starting service [Tomcat]
2020-04-09 17:47:29.884  INFO 30918 --- [main] org.apache.catalina.core.StandardEngine  : Starting Servlet Engine: Apache Tomcat/8.5.29
2020-04-09 17:47:29.896  INFO 30918 --- [localhost-startStop-1] o.a.catalina.core.AprLifecycleListener   : The APR based Apache Tomcat Native library which allows optimal performance in production environments was not found on the java.library.path: [/usr/java/packages/lib/amd64:/usr/lib64:/lib64:/lib:/usr/lib]
2020-04-09 17:47:30.029  INFO 30918 --- [localhost-startStop-1] o.a.c.c.C.[.[localhost].[/insightlake]   : Initializing Spring embedded WebApplicationContext
2020-04-09 17:47:30.030  INFO 30918 --- [localhost-startStop-1] o.s.web.context.ContextLoader            : Root WebApplicationContext: initialization completed in 3620 ms
2020-04-09 17:47:30.334  INFO 30918 --- [localhost-startStop-1] o.s.b.w.servlet.FilterRegistrationBean   : Mapping filter: 'characterEncodingFilter' to: [/*]
2020-04-09 17:47:30.335  INFO 30918 --- [localhost-startStop-1] o.s.b.w.servlet.FilterRegistrationBean   : Mapping filter: 'hiddenHttpMethodFilter' to: [/*]
2020-04-09 17:47:30.336  INFO 30918 --- [localhost-startStop-1] o.s.b.w.servlet.FilterRegistrationBean   : Mapping filter: 'httpPutFormContentFilter' to: [/*]
2020-04-09 17:47:30.336  INFO 30918 --- [localhost-startStop-1] o.s.b.w.servlet.FilterRegistrationBean   : Mapping filter: 'requestContextFilter' to: [/*]
2020-04-09 17:47:30.337  INFO 30918 --- [localhost-startStop-1] .s.DelegatingFilterProxyRegistrationBean : Mapping filter: 'springSecurityFilterChain' to: [/*]
2020-04-09 17:47:30.337  INFO 30918 --- [localhost-startStop-1] o.s.b.w.servlet.FilterRegistrationBean   : Mapping filter: 'someFilterRegistration' to: [/*]
2020-04-09 17:47:30.338  INFO 30918 --- [localhost-startStop-1] o.s.b.w.servlet.ServletRegistrationBean  : Servlet dispatcherServlet mapped to [/]
2020-04-09 17:47:30.340  INFO 30918 --- [localhost-startStop-1] o.s.b.w.servlet.ServletRegistrationBean  : Servlet webServlet mapped to [/h2-console/*]
2020-04-09 17:47:30.623  INFO 30918 --- [main] com.zaxxer.hikari.HikariDataSource       : HikariPool-1 - Starting...
2020-04-09 17:47:30.973  INFO 30918 --- [main] com.zaxxer.hikari.HikariDataSource       : HikariPool-1 - Start completed.
2020-04-09 17:47:31.072  INFO 30918 --- [main] j.LocalContainerEntityManagerFactoryBean : Building JPA container EntityManagerFactory for persistence unit 'default'
2020-04-09 17:47:31.108  INFO 30918 --- [main] o.hibernate.jpa.internal.util.LogHelper  : HHH000204: Processing PersistenceUnitInfo [
	name: default
	...]
2020-04-09 17:47:31.211  INFO 30918 --- [main] org.hibernate.Version                    : HHH000412: Hibernate Core {5.2.16.Final}
2020-04-09 17:47:31.213  INFO 30918 --- [main] org.hibernate.cfg.Environment            : HHH000206: hibernate.properties not found
2020-04-09 17:47:31.269  INFO 30918 --- [main] o.hibernate.annotations.common.Version   : HCANN000001: Hibernate Commons Annotations {5.0.1.Final}
2020-04-09 17:47:31.997  INFO 30918 --- [main] org.hibernate.dialect.Dialect            : HHH000400: Using dialect: org.hibernate.dialect.H2Dialect
2020-04-09 17:47:32.796  WARN 30918 --- [main] org.hibernate.mapping.RootClass          : HHH000038: Composite-id class does not override equals(): com.insightlake.edp.db.dashboard.entity.LogicalField$PrimaryKey
2020-04-09 17:47:32.796  WARN 30918 --- [main] org.hibernate.mapping.RootClass          : HHH000039: Composite-id class does not override hashCode(): com.insightlake.edp.db.dashboard.entity.LogicalField$PrimaryKey
2020-04-09 17:47:34.663  INFO 30918 --- [main] o.h.t.schema.internal.SchemaCreatorImpl  : HHH000476: Executing import script 'org.hibernate.tool.schema.internal.exec.ScriptSourceInputNonExistentImpl@48064a5a'
2020-04-09 17:47:34.669  INFO 30918 --- [main] j.LocalContainerEntityManagerFactoryBean : Initialized JPA EntityManagerFactory for persistence unit 'default'
2020-04-09 17:47:34.772  INFO 30918 --- [main] o.s.jdbc.datasource.init.ScriptUtils     : Executing SQL script from URL [jar:file:/home/sai/EDP-DATA-MODULES/GITREPOSITROYDEPLOYMENT/Report-Maker/libs/edp-report-maker-1.0.jar!/data.sql]
2020-04-09 17:47:34.793  INFO 30918 --- [main] o.s.jdbc.datasource.init.ScriptUtils     : Executed SQL script from URL [jar:file:/home/sai/EDP-DATA-MODULES/GITREPOSITROYDEPLOYMENT/Report-Maker/libs/edp-report-maker-1.0.jar!/data.sql] in 20 ms.
2020-04-09 17:47:37.537  INFO 30918 --- [main] .s.s.UserDetailsServiceAutoConfiguration : 

Using generated security password: 017bd8c3-b2da-44e6-963a-1d7240be5a77

2020-04-09 17:47:37.639  INFO 30918 --- [main] o.s.s.web.DefaultSecurityFilterChain     : Creating filter chain: Ant [pattern='/'], []
2020-04-09 17:47:37.639  INFO 30918 --- [main] o.s.s.web.DefaultSecurityFilterChain     : Creating filter chain: Ant [pattern='/index.html'], []
2020-04-09 17:47:37.641  INFO 30918 --- [main] o.s.s.web.DefaultSecurityFilterChain     : Creating filter chain: Ant [pattern='/api/user/register'], []
2020-04-09 17:47:37.641  INFO 30918 --- [main] o.s.s.web.DefaultSecurityFilterChain     : Creating filter chain: Ant [pattern='/api/user/login'], []
2020-04-09 17:47:37.641  INFO 30918 --- [main] o.s.s.web.DefaultSecurityFilterChain     : Creating filter chain: Ant [pattern='/api/user/forgot'], []
2020-04-09 17:47:37.641  INFO 30918 --- [main] o.s.s.web.DefaultSecurityFilterChain     : Creating filter chain: Ant [pattern='/api/user/reset'], []
2020-04-09 17:47:37.641  INFO 30918 --- [main] o.s.s.web.DefaultSecurityFilterChain     : Creating filter chain: Ant [pattern='/static/**'], []
2020-04-09 17:47:37.642  INFO 30918 --- [main] o.s.s.web.DefaultSecurityFilterChain     : Creating filter chain: Ant [pattern='/edp/**'], []
2020-04-09 17:47:37.643  INFO 30918 --- [main] o.s.s.web.DefaultSecurityFilterChain     : Creating filter chain: Ant [pattern='/app/**'], []
2020-04-09 17:47:37.643  INFO 30918 --- [main] o.s.s.web.DefaultSecurityFilterChain     : Creating filter chain: Ant [pattern='/query/**'], []
2020-04-09 17:47:37.643  INFO 30918 --- [main] o.s.s.web.DefaultSecurityFilterChain     : Creating filter chain: Ant [pattern='/receiver/**'], []
2020-04-09 17:47:37.643  INFO 30918 --- [main] o.s.s.web.DefaultSecurityFilterChain     : Creating filter chain: Ant [pattern='/verify/**'], []
2020-04-09 17:47:37.643  INFO 30918 --- [main] o.s.s.web.DefaultSecurityFilterChain     : Creating filter chain: Ant [pattern='/report/**'], []
2020-04-09 17:47:37.643  INFO 30918 --- [main] o.s.s.web.DefaultSecurityFilterChain     : Creating filter chain: Ant [pattern='/static/*.*.*'], []
2020-04-09 17:47:37.643  INFO 30918 --- [main] o.s.s.web.DefaultSecurityFilterChain     : Creating filter chain: Ant [pattern='/h2-console/**'], []
2020-04-09 17:47:37.643  INFO 30918 --- [main] o.s.s.web.DefaultSecurityFilterChain     : Creating filter chain: Ant [pattern='/assets/**'], []
2020-04-09 17:47:37.643  INFO 30918 --- [main] o.s.s.web.DefaultSecurityFilterChain     : Creating filter chain: Ant [pattern='/*.js'], []
2020-04-09 17:47:37.643  INFO 30918 --- [main] o.s.s.web.DefaultSecurityFilterChain     : Creating filter chain: Ant [pattern='/*.woff'], []
2020-04-09 17:47:37.644  INFO 30918 --- [main] o.s.s.web.DefaultSecurityFilterChain     : Creating filter chain: Ant [pattern='/*.woff2'], []
2020-04-09 17:47:37.644  INFO 30918 --- [main] o.s.s.web.DefaultSecurityFilterChain     : Creating filter chain: Ant [pattern='/*.jpg'], []
2020-04-09 17:47:37.646  INFO 30918 --- [main] o.s.s.web.DefaultSecurityFilterChain     : Creating filter chain: Ant [pattern='/*.css'], []
2020-04-09 17:47:37.648  INFO 30918 --- [main] o.s.s.web.DefaultSecurityFilterChain     : Creating filter chain: Ant [pattern='/*.ttf'], []
2020-04-09 17:47:37.648  INFO 30918 --- [main] o.s.s.web.DefaultSecurityFilterChain     : Creating filter chain: Ant [pattern='/file/**'], []
2020-04-09 17:47:37.649  INFO 30918 --- [main] o.s.s.web.DefaultSecurityFilterChain     : Creating filter chain: Ant [pattern='/js/**'], []
2020-04-09 17:47:37.649  INFO 30918 --- [main] o.s.s.web.DefaultSecurityFilterChain     : Creating filter chain: Ant [pattern='/css/**'], []
2020-04-09 17:47:37.649  INFO 30918 --- [main] o.s.s.web.DefaultSecurityFilterChain     : Creating filter chain: Ant [pattern='/images/**'], []
2020-04-09 17:47:37.649  INFO 30918 --- [main] o.s.s.web.DefaultSecurityFilterChain     : Creating filter chain: Ant [pattern='/favicon.ico'], []
2020-04-09 17:47:37.827  INFO 30918 --- [main] o.s.s.web.DefaultSecurityFilterChain     : Creating filter chain: org.springframework.security.web.util.matcher.AnyRequestMatcher@1, [org.springframework.security.web.context.request.async.WebAsyncManagerIntegrationFilter@7ebefdfa, org.springframework.security.web.context.SecurityContextPersistenceFilter@3a7e13c0, org.springframework.security.web.header.HeaderWriterFilter@35427786, org.springframework.security.web.authentication.logout.LogoutFilter@e8bd42f, com.insightlake.edp.api.user.security.JWTFilter@60f9fb56, org.springframework.security.web.authentication.www.BasicAuthenticationFilter@5a98983b, org.springframework.security.web.savedrequest.RequestCacheAwareFilter@5524e471, org.springframework.security.web.servletapi.SecurityContextHolderAwareRequestFilter@1272f6d9, org.springframework.security.web.authentication.AnonymousAuthenticationFilter@751eb9a9, org.springframework.security.web.session.SessionManagementFilter@6cd0f9a4, org.springframework.security.web.access.ExceptionTranslationFilter@43e7ca6f, org.springframework.security.web.access.intercept.FilterSecurityInterceptor@7c8d382e]
2020-04-09 17:47:39.021  INFO 30918 --- [main] o.s.w.s.handler.SimpleUrlHandlerMapping  : Mapped URL path [/**/favicon.ico] onto handler of type [class org.springframework.web.servlet.resource.ResourceHttpRequestHandler]
2020-04-09 17:47:39.387  INFO 30918 --- [main] s.w.s.m.m.a.RequestMappingHandlerAdapter : Looking for @ControllerAdvice: org.springframework.boot.web.servlet.context.AnnotationConfigServletWebServerApplicationContext@5a8816cc: startup date [Thu Apr 09 17:47:26 IST 2020]; root of context hierarchy
2020-04-09 17:47:39.462  WARN 30918 --- [main] aWebConfiguration$JpaWebMvcConfiguration : spring.jpa.open-in-view is enabled by default. Therefore, database queries may be performed during view rendering. Explicitly configure spring.jpa.open-in-view to disable this warning
2020-04-09 17:47:39.537  INFO 30918 --- [main] s.w.s.m.m.a.RequestMappingHandlerMapping : Mapped "{[/reportmaker/chapter/add],methods=[POST]}" onto public org.springframework.http.ResponseEntity<com.insightlake.edp.common.model.ResponseWrapper<com.insightlake.edp.report.maker.entity.Chapter>> com.insightlake.edp.report.maker.controller.ChapterController.saveReportMaker(com.insightlake.edp.report.maker.entity.Chapter)
2020-04-09 17:47:39.538  INFO 30918 --- [main] s.w.s.m.m.a.RequestMappingHandlerMapping : Mapped "{[/reportmaker/chapter/all],methods=[GET]}" onto public org.springframework.http.ResponseEntity<com.insightlake.edp.common.model.ResponseWrapper<java.util.List<com.insightlake.edp.report.maker.entity.Chapter>>> com.insightlake.edp.report.maker.controller.ChapterController.getReportMakers() throws java.lang.Exception
2020-04-09 17:47:39.539  INFO 30918 --- [main] s.w.s.m.m.a.RequestMappingHandlerMapping : Mapped "{[/reportmaker/chapter/update],methods=[PUT]}" onto public org.springframework.http.ResponseEntity<com.insightlake.edp.common.model.ResponseWrapper<com.insightlake.edp.report.maker.entity.Chapter>> com.insightlake.edp.report.maker.controller.ChapterController.updateReportMaker(com.insightlake.edp.report.maker.entity.Chapter)
2020-04-09 17:47:39.539  INFO 30918 --- [main] s.w.s.m.m.a.RequestMappingHandlerMapping : Mapped "{[/reportmaker/chapter/find],methods=[GET]}" onto public org.springframework.http.ResponseEntity<com.insightlake.edp.common.model.ResponseWrapper<java.util.List<com.insightlake.edp.report.maker.entity.Chapter>>> com.insightlake.edp.report.maker.controller.ChapterController.findByKbase(java.lang.String) throws java.lang.Exception
2020-04-09 17:47:39.540  INFO 30918 --- [main] s.w.s.m.m.a.RequestMappingHandlerMapping : Mapped "{[/reportmaker/chapter/view],methods=[GET]}" onto public org.springframework.http.ResponseEntity<byte[]> com.insightlake.edp.report.maker.controller.ChapterController.viewReport(java.lang.Long) throws java.lang.Exception
2020-04-09 17:47:39.540  INFO 30918 --- [main] s.w.s.m.m.a.RequestMappingHandlerMapping : Mapped "{[/reportmaker/chapter/delete/{id}],methods=[DELETE]}" onto public org.springframework.http.ResponseEntity<com.insightlake.edp.common.model.ResponseWrapper<com.insightlake.edp.report.maker.entity.Chapter>> com.insightlake.edp.report.maker.controller.ChapterController.deleteReportMaker(java.lang.Long)
2020-04-09 17:47:39.542  INFO 30918 --- [main] s.w.s.m.m.a.RequestMappingHandlerMapping : Mapped "{[/reportmaker/template/add],methods=[POST]}" onto public org.springframework.http.ResponseEntity<com.insightlake.edp.common.model.ResponseWrapper<com.insightlake.edp.report.maker.entity.Template>> com.insightlake.edp.report.maker.controller.TemplateController.saveReportMaker(com.insightlake.edp.report.maker.entity.Template)
2020-04-09 17:47:39.542  INFO 30918 --- [main] s.w.s.m.m.a.RequestMappingHandlerMapping : Mapped "{[/reportmaker/template/all],methods=[GET]}" onto public org.springframework.http.ResponseEntity<com.insightlake.edp.common.model.ResponseWrapper<java.util.List<com.insightlake.edp.report.maker.entity.Template>>> com.insightlake.edp.report.maker.controller.TemplateController.getReportMakers() throws java.lang.Exception
2020-04-09 17:47:39.543  INFO 30918 --- [main] s.w.s.m.m.a.RequestMappingHandlerMapping : Mapped "{[/reportmaker/template/update],methods=[PUT]}" onto public org.springframework.http.ResponseEntity<com.insightlake.edp.common.model.ResponseWrapper<com.insightlake.edp.report.maker.entity.Template>> com.insightlake.edp.report.maker.controller.TemplateController.updateReportMaker(com.insightlake.edp.report.maker.entity.Template)
2020-04-09 17:47:39.543  INFO 30918 --- [main] s.w.s.m.m.a.RequestMappingHandlerMapping : Mapped "{[/reportmaker/template/delete/{id}],methods=[DELETE]}" onto public org.springframework.http.ResponseEntity<com.insightlake.edp.common.model.ResponseWrapper<com.insightlake.edp.report.maker.entity.Template>> com.insightlake.edp.report.maker.controller.TemplateController.deleteReportMaker(java.lang.Long)
2020-04-09 17:47:39.544  INFO 30918 --- [main] s.w.s.m.m.a.RequestMappingHandlerMapping : Mapped "{[/report/image/find],methods=[GET]}" onto public org.springframework.http.ResponseEntity<com.insightlake.edp.common.model.ResponseWrapper<java.util.List<com.insightlake.edp.report.maker.entity.ReportImage>>> com.insightlake.edp.report.maker.controller.ReportImageController.findByKbase(long) throws java.lang.Exception
2020-04-09 17:47:39.545  INFO 30918 --- [main] s.w.s.m.m.a.RequestMappingHandlerMapping : Mapped "{[/report/image/view],methods=[GET]}" onto public org.springframework.http.ResponseEntity<byte[]> com.insightlake.edp.report.maker.controller.ReportImageController.viewImage(java.lang.Long) throws java.lang.Exception
2020-04-09 17:47:39.548  INFO 30918 --- [main] s.w.s.m.m.a.RequestMappingHandlerMapping : Mapped "{[/reportmaker/report/add],methods=[POST]}" onto public org.springframework.http.ResponseEntity<com.insightlake.edp.common.model.ResponseWrapper<com.insightlake.edp.report.maker.entity.Report>> com.insightlake.edp.report.maker.controller.ReportController.saveReportMaker(com.insightlake.edp.report.maker.entity.Report)
2020-04-09 17:47:39.549  INFO 30918 --- [main] s.w.s.m.m.a.RequestMappingHandlerMapping : Mapped "{[/reportmaker/report/all],methods=[GET]}" onto public org.springframework.http.ResponseEntity<com.insightlake.edp.common.model.ResponseWrapper<java.util.List<com.insightlake.edp.report.maker.entity.Report>>> com.insightlake.edp.report.maker.controller.ReportController.getReportMakers() throws java.lang.Exception
2020-04-09 17:47:39.549  INFO 30918 --- [main] s.w.s.m.m.a.RequestMappingHandlerMapping : Mapped "{[/reportmaker/report/update],methods=[PUT]}" onto public org.springframework.http.ResponseEntity<com.insightlake.edp.common.model.ResponseWrapper<com.insightlake.edp.report.maker.entity.Report>> com.insightlake.edp.report.maker.controller.ReportController.updateReportMaker(com.insightlake.edp.report.maker.entity.Report)
2020-04-09 17:47:39.549  INFO 30918 --- [main] s.w.s.m.m.a.RequestMappingHandlerMapping : Mapped "{[/reportmaker/report/find],methods=[GET]}" onto public org.springframework.http.ResponseEntity<com.insightlake.edp.common.model.ResponseWrapper<java.util.List<com.insightlake.edp.report.maker.entity.Report>>> com.insightlake.edp.report.maker.controller.ReportController.findByKbase(java.lang.String,java.lang.Long) throws java.lang.Exception
2020-04-09 17:47:39.550  INFO 30918 --- [main] s.w.s.m.m.a.RequestMappingHandlerMapping : Mapped "{[/reportmaker/report/delete/{id}],methods=[DELETE]}" onto public org.springframework.http.ResponseEntity<com.insightlake.edp.common.model.ResponseWrapper<com.insightlake.edp.report.maker.entity.Report>> com.insightlake.edp.report.maker.controller.ReportController.deleteReportMaker(java.lang.Long)
2020-04-09 17:47:39.551  INFO 30918 --- [main] s.w.s.m.m.a.RequestMappingHandlerMapping : Mapped "{[/report/comment],methods=[PUT]}" onto public org.springframework.http.ResponseEntity<com.insightlake.edp.common.model.ResponseWrapper<com.insightlake.edp.report.maker.entity.Comment>> com.insightlake.edp.report.maker.controller.CommentController.update(com.insightlake.edp.report.maker.entity.Comment)
2020-04-09 17:47:39.552  INFO 30918 --- [main] s.w.s.m.m.a.RequestMappingHandlerMapping : Mapped "{[/report/comment],methods=[DELETE]}" onto public org.springframework.http.ResponseEntity<com.insightlake.edp.common.model.ResponseWrapper<com.insightlake.edp.report.maker.entity.Comment>> com.insightlake.edp.report.maker.controller.CommentController.delete(long)
2020-04-09 17:47:39.552  INFO 30918 --- [main] s.w.s.m.m.a.RequestMappingHandlerMapping : Mapped "{[/report/comment],methods=[POST]}" onto public org.springframework.http.ResponseEntity<com.insightlake.edp.common.model.ResponseWrapper<com.insightlake.edp.report.maker.entity.Comment>> com.insightlake.edp.report.maker.controller.CommentController.save(com.insightlake.edp.report.maker.entity.Comment)
2020-04-09 17:47:39.553  INFO 30918 --- [main] s.w.s.m.m.a.RequestMappingHandlerMapping : Mapped "{[/report/comment],methods=[GET]}" onto public org.springframework.http.ResponseEntity<com.insightlake.edp.common.model.ResponseWrapper<java.util.List<com.insightlake.edp.report.maker.entity.Comment>>> com.insightlake.edp.report.maker.controller.CommentController.getAll() throws java.lang.Exception
2020-04-09 17:47:39.553  INFO 30918 --- [main] s.w.s.m.m.a.RequestMappingHandlerMapping : Mapped "{[/report/comment/getByReport],methods=[GET]}" onto public org.springframework.http.ResponseEntity<com.insightlake.edp.common.model.ResponseWrapper<java.util.List<com.insightlake.edp.report.maker.entity.Comment>>> com.insightlake.edp.report.maker.controller.CommentController.getByReportId(long)
2020-04-09 17:47:39.554  INFO 30918 --- [main] s.w.s.m.m.a.RequestMappingHandlerMapping : Mapped "{[/reportmaker/chapter/image/find],methods=[GET]}" onto public org.springframework.http.ResponseEntity<com.insightlake.edp.common.model.ResponseWrapper<java.util.List<com.insightlake.edp.report.maker.entity.ChapterModuleImage>>> com.insightlake.edp.report.maker.controller.ChapterImageController.findByKbase(long) throws java.lang.Exception
2020-04-09 17:47:39.555  INFO 30918 --- [main] s.w.s.m.m.a.RequestMappingHandlerMapping : Mapped "{[/reportmaker/chapter/image/view],methods=[GET]}" onto public org.springframework.http.ResponseEntity<byte[]> com.insightlake.edp.report.maker.controller.ChapterImageController.viewImage(java.lang.Long) throws java.lang.Exception
2020-04-09 17:47:39.556  INFO 30918 --- [main] s.w.s.m.m.a.RequestMappingHandlerMapping : Mapped "{[/reportmaker/chaptermodule/add],methods=[POST]}" onto public org.springframework.http.ResponseEntity<com.insightlake.edp.common.model.ResponseWrapper<com.insightlake.edp.report.maker.entity.ChapterModule>> com.insightlake.edp.report.maker.controller.ChapterModuleController.saveReportMaker(com.insightlake.edp.report.maker.entity.ChapterModule)
2020-04-09 17:47:39.557  INFO 30918 --- [main] s.w.s.m.m.a.RequestMappingHandlerMapping : Mapped "{[/reportmaker/chaptermodule/all],methods=[GET]}" onto public org.springframework.http.ResponseEntity<com.insightlake.edp.common.model.ResponseWrapper<java.util.List<com.insightlake.edp.report.maker.entity.ChapterModule>>> com.insightlake.edp.report.maker.controller.ChapterModuleController.getReportMakers() throws java.lang.Exception
2020-04-09 17:47:39.557  INFO 30918 --- [main] s.w.s.m.m.a.RequestMappingHandlerMapping : Mapped "{[/reportmaker/chaptermodule/update],methods=[PUT]}" onto public org.springframework.http.ResponseEntity<com.insightlake.edp.common.model.ResponseWrapper<com.insightlake.edp.report.maker.entity.ChapterModule>> com.insightlake.edp.report.maker.controller.ChapterModuleController.updateReportMaker(com.insightlake.edp.report.maker.entity.ChapterModule)
2020-04-09 17:47:39.558  INFO 30918 --- [main] s.w.s.m.m.a.RequestMappingHandlerMapping : Mapped "{[/reportmaker/chaptermodule/find],methods=[GET]}" onto public org.springframework.http.ResponseEntity<com.insightlake.edp.common.model.ResponseWrapper<java.util.List<com.insightlake.edp.report.maker.entity.ChapterModule>>> com.insightlake.edp.report.maker.controller.ChapterModuleController.findByKbase(java.lang.String) throws java.lang.Exception
2020-04-09 17:47:39.559  INFO 30918 --- [main] s.w.s.m.m.a.RequestMappingHandlerMapping : Mapped "{[/reportmaker/chaptermodule/delete/{id}],methods=[DELETE]}" onto public org.springframework.http.ResponseEntity<com.insightlake.edp.common.model.ResponseWrapper<com.insightlake.edp.report.maker.entity.ChapterModule>> com.insightlake.edp.report.maker.controller.ChapterModuleController.deleteReportMaker(java.lang.Long)
2020-04-09 17:47:39.561  INFO 30918 --- [main] s.w.s.m.m.a.RequestMappingHandlerMapping : Mapped "{[/generate/report/view],methods=[GET]}" onto public org.springframework.http.ResponseEntity<byte[]> com.insightlake.edp.report.maker.controller.ReportGeneratorController.viewReport(java.lang.Long) throws java.lang.Exception
2020-04-09 17:47:39.561  INFO 30918 --- [main] s.w.s.m.m.a.RequestMappingHandlerMapping : Mapped "{[/generate/report/download],methods=[GET]}" onto public org.springframework.http.ResponseEntity<org.springframework.core.io.Resource> com.insightlake.edp.report.maker.controller.ReportGeneratorController.downloadPropety(long) throws java.io.IOException,org.apache.commons.configuration.ConfigurationException,java.io.IOException,org.codehaus.jettison.json.JSONException
2020-04-09 17:47:39.562  INFO 30918 --- [main] s.w.s.m.m.a.RequestMappingHandlerMapping : Mapped "{[/generate/report/convert],methods=[GET]}" onto public org.springframework.http.ResponseEntity<com.insightlake.edp.common.model.ResponseWrapper<java.lang.String>> com.insightlake.edp.report.maker.controller.ReportGeneratorController.convertPdfToGoogleDoc(java.lang.Long) throws java.lang.Exception
2020-04-09 17:47:39.562  INFO 30918 --- [main] s.w.s.m.m.a.RequestMappingHandlerMapping : Mapped "{[/generate/report/search/text],methods=[GET]}" onto public org.springframework.http.ResponseEntity<com.insightlake.edp.common.model.ResponseWrapper<java.util.List<com.insightlake.edp.report.maker.entity.ElasticSearchDocument>>> com.insightlake.edp.report.maker.controller.ReportGeneratorController.findAllByText(java.lang.String) throws java.lang.Exception
2020-04-09 17:47:39.563  INFO 30918 --- [main] s.w.s.m.m.a.RequestMappingHandlerMapping : Mapped "{[/generate/report],methods=[GET]}" onto public org.springframework.http.ResponseEntity<com.insightlake.edp.common.model.ResponseWrapper<com.insightlake.edp.report.maker.entity.Report>> com.insightlake.edp.report.maker.controller.ReportGeneratorController.generateReport(long)
2020-04-09 17:47:39.565  INFO 30918 --- [main] s.w.s.m.m.a.RequestMappingHandlerMapping : Mapped "{[/reportmaker/kbase/add],methods=[POST]}" onto public org.springframework.http.ResponseEntity<com.insightlake.edp.common.model.ResponseWrapper<com.insightlake.edp.report.maker.entity.KnowledgeBase>> com.insightlake.edp.report.maker.controller.KnowledgeBaseController.saveReportMaker(com.insightlake.edp.report.maker.entity.KnowledgeBase)
2020-04-09 17:47:39.565  INFO 30918 --- [main] s.w.s.m.m.a.RequestMappingHandlerMapping : Mapped "{[/reportmaker/kbase/all],methods=[GET]}" onto public org.springframework.http.ResponseEntity<com.insightlake.edp.common.model.ResponseWrapper<java.util.List<com.insightlake.edp.report.maker.entity.KnowledgeBase>>> com.insightlake.edp.report.maker.controller.KnowledgeBaseController.getReportMakers() throws java.lang.Exception
2020-04-09 17:47:39.566  INFO 30918 --- [main] s.w.s.m.m.a.RequestMappingHandlerMapping : Mapped "{[/reportmaker/kbase/update],methods=[PUT]}" onto public org.springframework.http.ResponseEntity<com.insightlake.edp.common.model.ResponseWrapper<com.insightlake.edp.report.maker.entity.KnowledgeBase>> com.insightlake.edp.report.maker.controller.KnowledgeBaseController.updateReportMaker(com.insightlake.edp.report.maker.entity.KnowledgeBase)
2020-04-09 17:47:39.566  INFO 30918 --- [main] s.w.s.m.m.a.RequestMappingHandlerMapping : Mapped "{[/reportmaker/kbase/delete/{id}],methods=[DELETE]}" onto public org.springframework.http.ResponseEntity<com.insightlake.edp.common.model.ResponseWrapper<com.insightlake.edp.report.maker.entity.KnowledgeBase>> com.insightlake.edp.report.maker.controller.KnowledgeBaseController.deleteReportMaker(java.lang.Long)
2020-04-09 17:47:39.566  INFO 30918 --- [main] s.w.s.m.m.a.RequestMappingHandlerMapping : Mapped "{[/reportmaker/kbase/addnew],methods=[POST]}" onto public org.springframework.http.ResponseEntity<com.insightlake.edp.common.model.ResponseWrapper<com.insightlake.edp.report.maker.entity.KnowledgeBase>> com.insightlake.edp.report.maker.controller.KnowledgeBaseController.saveReportMakerNew(com.insightlake.edp.report.maker.entity.KnowledgeBase)
2020-04-09 17:47:39.567  INFO 30918 --- [main] s.w.s.m.m.a.RequestMappingHandlerMapping : Mapped "{[/reportmaker/kbase/uploadChapterImage],methods=[POST]}" onto public org.springframework.http.ResponseEntity<com.insightlake.edp.common.model.ResponseWrapper<com.insightlake.edp.report.maker.entity.ChapterModuleImage>> com.insightlake.edp.report.maker.controller.KnowledgeBaseController.uploadChapterImage(org.springframework.web.multipart.MultipartFile,java.lang.String,long,long)
2020-04-09 17:47:39.567  INFO 30918 --- [main] s.w.s.m.m.a.RequestMappingHandlerMapping : Mapped "{[/reportmaker/kbase/uploadReportImage],methods=[POST]}" onto public org.springframework.http.ResponseEntity<com.insightlake.edp.common.model.ResponseWrapper<com.insightlake.edp.report.maker.entity.ReportImage>> com.insightlake.edp.report.maker.controller.KnowledgeBaseController.uploadReportImage(org.springframework.web.multipart.MultipartFile,java.lang.String,long)
2020-04-09 17:47:39.568  INFO 30918 --- [main] s.w.s.m.m.a.RequestMappingHandlerMapping : Mapped "{[/reportmaker/kbase/uploadReportLogoImage],methods=[POST]}" onto public org.springframework.http.ResponseEntity<com.insightlake.edp.common.model.ResponseWrapper<com.insightlake.edp.report.maker.entity.KnowledgeBase>> com.insightlake.edp.report.maker.controller.KnowledgeBaseController.uploadReportLogoImage(org.springframework.web.multipart.MultipartFile,java.lang.String)
2020-04-09 17:47:39.573  INFO 30918 --- [main] s.w.s.m.m.a.RequestMappingHandlerMapping : Mapped "{[/api/user/lob/{id}],methods=[GET],produces=[application/json]}" onto public org.springframework.http.ResponseEntity<com.insightlake.edp.common.model.ResponseWrapper<com.insightlake.edp.db.model.user.Lob>> com.insightlake.edp.api.user.controller.LobController.getEntity(long) throws com.insightlake.edp.common.exception.DbException
2020-04-09 17:47:39.574  INFO 30918 --- [main] s.w.s.m.m.a.RequestMappingHandlerMapping : Mapped "{[/api/user/lob],methods=[PUT],consumes=[application/json],produces=[application/json]}" onto public org.springframework.http.ResponseEntity<com.insightlake.edp.common.model.ResponseWrapper<com.insightlake.edp.db.model.user.Lob>> com.insightlake.edp.api.user.controller.LobController.updateEntity(com.insightlake.edp.db.model.user.Lob) throws com.insightlake.edp.common.exception.DbException
2020-04-09 17:47:39.574  INFO 30918 --- [main] s.w.s.m.m.a.RequestMappingHandlerMapping : Mapped "{[/api/user/lob],methods=[POST],consumes=[application/json],produces=[application/json]}" onto public org.springframework.http.ResponseEntity<com.insightlake.edp.common.model.ResponseWrapper<com.insightlake.edp.db.model.user.Lob>> com.insightlake.edp.api.user.controller.LobController.createEntity(com.insightlake.edp.db.model.user.Lob) throws com.insightlake.edp.common.exception.DbException
2020-04-09 17:47:39.575  INFO 30918 --- [main] s.w.s.m.m.a.RequestMappingHandlerMapping : Mapped "{[/api/user/lob],methods=[GET],produces=[application/json]}" onto public org.springframework.http.ResponseEntity<com.insightlake.edp.common.model.ResponseWrapper<java.util.List<com.insightlake.edp.db.model.user.Lob>>> com.insightlake.edp.api.user.controller.LobController.getAllEntities() throws com.insightlake.edp.common.exception.DbException
2020-04-09 17:47:39.575  INFO 30918 --- [main] s.w.s.m.m.a.RequestMappingHandlerMapping : Mapped "{[/api/user/lob],methods=[DELETE],consumes=[application/json]}" onto public org.springframework.http.ResponseEntity<com.insightlake.edp.common.model.ResponseWrapper<java.lang.String>> com.insightlake.edp.api.user.controller.LobController.deleteEntity(com.insightlake.edp.db.model.user.Lob) throws com.insightlake.edp.common.exception.DbException
2020-04-09 17:47:39.577  INFO 30918 --- [main] s.w.s.m.m.a.RequestMappingHandlerMapping : Mapped "{[/api/user/menus/{id}],methods=[GET],produces=[application/json]}" onto public org.springframework.http.ResponseEntity<com.insightlake.edp.common.model.ResponseWrapper<com.insightlake.edp.db.model.user.UserMenus>> com.insightlake.edp.api.user.controller.UserMenusController.getEntity(long) throws com.insightlake.edp.common.exception.DbException
2020-04-09 17:47:39.577  INFO 30918 --- [main] s.w.s.m.m.a.RequestMappingHandlerMapping : Mapped "{[/api/user/menus],methods=[PUT],consumes=[application/json],produces=[application/json]}" onto public org.springframework.http.ResponseEntity<com.insightlake.edp.common.model.ResponseWrapper<com.insightlake.edp.db.model.user.UserMenus>> com.insightlake.edp.api.user.controller.UserMenusController.updateEntity(com.insightlake.edp.db.model.user.UserMenus) throws com.insightlake.edp.common.exception.DbException
2020-04-09 17:47:39.578  INFO 30918 --- [main] s.w.s.m.m.a.RequestMappingHandlerMapping : Mapped "{[/api/user/menus],methods=[POST],consumes=[application/json],produces=[application/json]}" onto public org.springframework.http.ResponseEntity<com.insightlake.edp.common.model.ResponseWrapper<com.insightlake.edp.db.model.user.UserMenus>> com.insightlake.edp.api.user.controller.UserMenusController.createEntity(com.insightlake.edp.db.model.user.UserMenus) throws com.insightlake.edp.common.exception.DbException
2020-04-09 17:47:39.578  INFO 30918 --- [main] s.w.s.m.m.a.RequestMappingHandlerMapping : Mapped "{[/api/user/menus],methods=[GET],produces=[application/json]}" onto public org.springframework.http.ResponseEntity<com.insightlake.edp.common.model.ResponseWrapper<java.util.List<com.insightlake.edp.db.model.user.UserMenus>>> com.insightlake.edp.api.user.controller.UserMenusController.getAllEntities() throws com.insightlake.edp.common.exception.DbException
2020-04-09 17:47:39.579  INFO 30918 --- [main] s.w.s.m.m.a.RequestMappingHandlerMapping : Mapped "{[/api/user/menus/{id}],methods=[DELETE],consumes=[application/json]}" onto public org.springframework.http.ResponseEntity<com.insightlake.edp.common.model.ResponseWrapper<java.lang.String>> com.insightlake.edp.api.user.controller.UserMenusController.deleteEntity(long) throws com.insightlake.edp.common.exception.DbException
2020-04-09 17:47:39.580  INFO 30918 --- [main] s.w.s.m.m.a.RequestMappingHandlerMapping : Mapped "{[/api/user/roles/{id}],methods=[GET],produces=[application/json]}" onto public org.springframework.http.ResponseEntity<com.insightlake.edp.common.model.ResponseWrapper<com.insightlake.edp.db.model.user.UserRole>> com.insightlake.edp.api.user.controller.RolesController.getEntity(long) throws com.insightlake.edp.common.exception.DbException
2020-04-09 17:47:39.581  INFO 30918 --- [main] s.w.s.m.m.a.RequestMappingHandlerMapping : Mapped "{[/api/user/roles],methods=[PUT],consumes=[application/json],produces=[application/json]}" onto public org.springframework.http.ResponseEntity<com.insightlake.edp.common.model.ResponseWrapper<com.insightlake.edp.db.model.user.UserRole>> com.insightlake.edp.api.user.controller.RolesController.updateEntity(com.insightlake.edp.db.model.user.UserRole) throws com.insightlake.edp.common.exception.DbException
2020-04-09 17:47:39.581  INFO 30918 --- [main] s.w.s.m.m.a.RequestMappingHandlerMapping : Mapped "{[/api/user/roles],methods=[POST],consumes=[application/json],produces=[application/json]}" onto public org.springframework.http.ResponseEntity<com.insightlake.edp.common.model.ResponseWrapper<com.insightlake.edp.db.model.user.UserRole>> com.insightlake.edp.api.user.controller.RolesController.createEntity(com.insightlake.edp.db.model.user.UserRole) throws com.insightlake.edp.common.exception.DbException
2020-04-09 17:47:39.582  INFO 30918 --- [main] s.w.s.m.m.a.RequestMappingHandlerMapping : Mapped "{[/api/user/roles],methods=[GET],produces=[application/json]}" onto public org.springframework.http.ResponseEntity<com.insightlake.edp.common.model.ResponseWrapper<java.util.List<com.insightlake.edp.db.model.user.UserRole>>> com.insightlake.edp.api.user.controller.RolesController.getAllEntities() throws com.insightlake.edp.common.exception.DbException
2020-04-09 17:47:39.582  INFO 30918 --- [main] s.w.s.m.m.a.RequestMappingHandlerMapping : Mapped "{[/api/user/roles/{id}],methods=[DELETE],consumes=[application/json]}" onto public org.springframework.http.ResponseEntity<com.insightlake.edp.common.model.ResponseWrapper<java.lang.String>> com.insightlake.edp.api.user.controller.RolesController.deleteEntity(long) throws com.insightlake.edp.common.exception.DbException
2020-04-09 17:47:39.584  INFO 30918 --- [main] s.w.s.m.m.a.RequestMappingHandlerMapping : Mapped "{[/api/user/user]}" onto public com.insightlake.edp.db.model.user.User com.insightlake.edp.api.user.controller.UserController.user(java.security.Principal)
2020-04-09 17:47:39.585  INFO 30918 --- [main] s.w.s.m.m.a.RequestMappingHandlerMapping : Mapped "{[/api/user/update],methods=[POST]}" onto public org.springframework.http.ResponseEntity<com.insightlake.edp.common.model.ResponseWrapper<com.insightlake.edp.db.model.user.User>> com.insightlake.edp.api.user.controller.UserController.updateUser(com.insightlake.edp.db.model.user.User)
2020-04-09 17:47:39.585  INFO 30918 --- [main] s.w.s.m.m.a.RequestMappingHandlerMapping : Mapped "{[/api/user/register],methods=[POST]}" onto public org.springframework.http.ResponseEntity<com.insightlake.edp.common.model.ResponseWrapper<com.insightlake.edp.db.model.user.User>> com.insightlake.edp.api.user.controller.UserController.createUser(com.insightlake.edp.db.model.user.User)
2020-04-09 17:47:39.585  INFO 30918 --- [main] s.w.s.m.m.a.RequestMappingHandlerMapping : Mapped "{[/api/user/login],methods=[POST]}" onto public org.springframework.http.ResponseEntity<com.insightlake.edp.common.model.ResponseWrapper<java.util.Map<java.lang.String, java.lang.Object>>> com.insightlake.edp.api.user.controller.UserController.login(com.insightlake.edp.db.model.user.User) throws java.io.IOException
2020-04-09 17:47:39.586  INFO 30918 --- [main] s.w.s.m.m.a.RequestMappingHandlerMapping : Mapped "{[/api/user/get],methods=[GET]}" onto public org.springframework.http.ResponseEntity<com.insightlake.edp.common.model.ResponseWrapper<com.insightlake.edp.db.model.user.User>> com.insightlake.edp.api.user.controller.UserController.userByUserName(java.lang.String)
2020-04-09 17:47:39.586  INFO 30918 --- [main] s.w.s.m.m.a.RequestMappingHandlerMapping : Mapped "{[/api/user/getAll],methods=[GET]}" onto public org.springframework.http.ResponseEntity<com.insightlake.edp.common.model.ResponseWrapper<java.util.List<com.insightlake.edp.db.model.user.User>>> com.insightlake.edp.api.user.controller.UserController.getAllUsers()
2020-04-09 17:47:39.586  INFO 30918 --- [main] s.w.s.m.m.a.RequestMappingHandlerMapping : Mapped "{[/api/user/forgot],methods=[POST]}" onto public org.springframework.http.ResponseEntity<com.insightlake.edp.common.model.ResponseWrapper<com.insightlake.edp.db.model.user.User>> com.insightlake.edp.api.user.controller.UserController.forgetPassword(com.insightlake.edp.db.model.user.User)
2020-04-09 17:47:39.587  INFO 30918 --- [main] s.w.s.m.m.a.RequestMappingHandlerMapping : Mapped "{[/api/user/reset],methods=[POST]}" onto public org.springframework.http.ResponseEntity<com.insightlake.edp.common.model.ResponseWrapper<com.insightlake.edp.db.model.user.User>> com.insightlake.edp.api.user.controller.UserController.resetPassword(com.insightlake.edp.db.model.user.User)
2020-04-09 17:47:39.587  INFO 30918 --- [main] s.w.s.m.m.a.RequestMappingHandlerMapping : Mapped "{[/api/user/delete],methods=[DELETE]}" onto public org.springframework.http.ResponseEntity<com.insightlake.edp.common.model.ResponseWrapper<java.lang.String>> com.insightlake.edp.api.user.controller.UserController.deleteUser(long)
2020-04-09 17:47:39.591  INFO 30918 --- [main] s.w.s.m.m.a.RequestMappingHandlerMapping : Mapped "{[/api/user/org/{id}],methods=[GET],produces=[application/json]}" onto public org.springframework.http.ResponseEntity<com.insightlake.edp.common.model.ResponseWrapper<com.insightlake.edp.db.model.user.Organization>> com.insightlake.edp.api.user.controller.OrganizationController.getEntity(long) throws com.insightlake.edp.common.exception.DbException
2020-04-09 17:47:39.591  INFO 30918 --- [main] s.w.s.m.m.a.RequestMappingHandlerMapping : Mapped "{[/api/user/org],methods=[PUT],consumes=[application/json],produces=[application/json]}" onto public org.springframework.http.ResponseEntity<com.insightlake.edp.common.model.ResponseWrapper<com.insightlake.edp.db.model.user.Organization>> com.insightlake.edp.api.user.controller.OrganizationController.updateEntity(com.insightlake.edp.db.model.user.Organization) throws com.insightlake.edp.common.exception.DbException
2020-04-09 17:47:39.592  INFO 30918 --- [main] s.w.s.m.m.a.RequestMappingHandlerMapping : Mapped "{[/api/user/org],methods=[POST],consumes=[application/json],produces=[application/json]}" onto public org.springframework.http.ResponseEntity<com.insightlake.edp.common.model.ResponseWrapper<com.insightlake.edp.db.model.user.Organization>> com.insightlake.edp.api.user.controller.OrganizationController.createEntity(com.insightlake.edp.db.model.user.Organization) throws com.insightlake.edp.common.exception.DbException
2020-04-09 17:47:39.592  INFO 30918 --- [main] s.w.s.m.m.a.RequestMappingHandlerMapping : Mapped "{[/api/user/org],methods=[GET],produces=[application/json]}" onto public org.springframework.http.ResponseEntity<com.insightlake.edp.common.model.ResponseWrapper<java.util.List<com.insightlake.edp.db.model.user.Organization>>> com.insightlake.edp.api.user.controller.OrganizationController.getAllEntities() throws com.insightlake.edp.common.exception.DbException
2020-04-09 17:47:39.592  INFO 30918 --- [main] s.w.s.m.m.a.RequestMappingHandlerMapping : Mapped "{[/api/user/org],methods=[DELETE],consumes=[application/json]}" onto public org.springframework.http.ResponseEntity<com.insightlake.edp.common.model.ResponseWrapper<java.lang.String>> com.insightlake.edp.api.user.controller.OrganizationController.deleteEntity(com.insightlake.edp.db.model.user.Organization) throws com.insightlake.edp.common.exception.DbException
2020-04-09 17:47:39.594  INFO 30918 --- [main] s.w.s.m.m.a.RequestMappingHandlerMapping : Mapped "{[/api/user/group/{id}],methods=[GET],produces=[application/json]}" onto public org.springframework.http.ResponseEntity<com.insightlake.edp.common.model.ResponseWrapper<com.insightlake.edp.db.model.user.UserGroup>> com.insightlake.edp.api.user.controller.UserGroupController.getEntity(long) throws com.insightlake.edp.common.exception.DbException
2020-04-09 17:47:39.594  INFO 30918 --- [main] s.w.s.m.m.a.RequestMappingHandlerMapping : Mapped "{[/api/user/group],methods=[PUT],consumes=[application/json],produces=[application/json]}" onto public org.springframework.http.ResponseEntity<com.insightlake.edp.common.model.ResponseWrapper<com.insightlake.edp.db.model.user.UserGroup>> com.insightlake.edp.api.user.controller.UserGroupController.updateEntity(com.insightlake.edp.db.model.user.UserGroup) throws com.insightlake.edp.common.exception.DbException
2020-04-09 17:47:39.595  INFO 30918 --- [main] s.w.s.m.m.a.RequestMappingHandlerMapping : Mapped "{[/api/user/group],methods=[POST],consumes=[application/json],produces=[application/json]}" onto public org.springframework.http.ResponseEntity<com.insightlake.edp.common.model.ResponseWrapper<com.insightlake.edp.db.model.user.UserGroup>> com.insightlake.edp.api.user.controller.UserGroupController.createEntity(com.insightlake.edp.db.model.user.UserGroup) throws com.insightlake.edp.common.exception.DbException
2020-04-09 17:47:39.595  INFO 30918 --- [main] s.w.s.m.m.a.RequestMappingHandlerMapping : Mapped "{[/api/user/group],methods=[GET],produces=[application/json]}" onto public org.springframework.http.ResponseEntity<com.insightlake.edp.common.model.ResponseWrapper<java.util.List<com.insightlake.edp.db.model.user.UserGroup>>> com.insightlake.edp.api.user.controller.UserGroupController.getAllEntities() throws com.insightlake.edp.common.exception.DbException
2020-04-09 17:47:39.595  INFO 30918 --- [main] s.w.s.m.m.a.RequestMappingHandlerMapping : Mapped "{[/api/user/group/{id}],methods=[DELETE],consumes=[application/json]}" onto public org.springframework.http.ResponseEntity<com.insightlake.edp.common.model.ResponseWrapper<java.lang.String>> com.insightlake.edp.api.user.controller.UserGroupController.deleteEntity(long) throws com.insightlake.edp.common.exception.DbException
2020-04-09 17:47:39.597  INFO 30918 --- [main] s.w.s.m.m.a.RequestMappingHandlerMapping : Mapped "{[/api/user/app/{id}],methods=[GET],produces=[application/json]}" onto public org.springframework.http.ResponseEntity<com.insightlake.edp.common.model.ResponseWrapper<com.insightlake.edp.db.model.user.App>> com.insightlake.edp.api.user.controller.AppController.getEntity(long) throws com.insightlake.edp.common.exception.DbException
2020-04-09 17:47:39.597  INFO 30918 --- [main] s.w.s.m.m.a.RequestMappingHandlerMapping : Mapped "{[/api/user/app],methods=[PUT],consumes=[application/json],produces=[application/json]}" onto public org.springframework.http.ResponseEntity<com.insightlake.edp.common.model.ResponseWrapper<com.insightlake.edp.db.model.user.App>> com.insightlake.edp.api.user.controller.AppController.updateEntity(com.insightlake.edp.db.model.user.App) throws com.insightlake.edp.common.exception.DbException
2020-04-09 17:47:39.597  INFO 30918 --- [main] s.w.s.m.m.a.RequestMappingHandlerMapping : Mapped "{[/api/user/app],methods=[POST],consumes=[application/json],produces=[application/json]}" onto public org.springframework.http.ResponseEntity<com.insightlake.edp.common.model.ResponseWrapper<com.insightlake.edp.db.model.user.App>> com.insightlake.edp.api.user.controller.AppController.createEntity(com.insightlake.edp.db.model.user.App) throws com.insightlake.edp.common.exception.DbException
2020-04-09 17:47:39.598  INFO 30918 --- [main] s.w.s.m.m.a.RequestMappingHandlerMapping : Mapped "{[/api/user/app],methods=[GET],produces=[application/json]}" onto public org.springframework.http.ResponseEntity<com.insightlake.edp.common.model.ResponseWrapper<java.util.List<com.insightlake.edp.db.model.user.App>>> com.insightlake.edp.api.user.controller.AppController.getAllEntities() throws com.insightlake.edp.common.exception.DbException
2020-04-09 17:47:39.598  INFO 30918 --- [main] s.w.s.m.m.a.RequestMappingHandlerMapping : Mapped "{[/api/user/app],methods=[DELETE],consumes=[application/json]}" onto public org.springframework.http.ResponseEntity<com.insightlake.edp.common.model.ResponseWrapper<java.lang.String>> com.insightlake.edp.api.user.controller.AppController.deleteEntity(com.insightlake.edp.db.model.user.App) throws com.insightlake.edp.common.exception.DbException
2020-04-09 17:47:39.600  INFO 30918 --- [main] s.w.s.m.m.a.RequestMappingHandlerMapping : Mapped "{[/api/user/groupmembers/{id}],methods=[GET],produces=[application/json]}" onto public org.springframework.http.ResponseEntity<com.insightlake.edp.common.model.ResponseWrapper<com.insightlake.edp.db.model.user.UserGroupMember>> com.insightlake.edp.api.user.controller.UserGroupMembersController.getEntity(long) throws com.insightlake.edp.common.exception.DbException
2020-04-09 17:47:39.600  INFO 30918 --- [main] s.w.s.m.m.a.RequestMappingHandlerMapping : Mapped "{[/api/user/groupmembers],methods=[PUT],consumes=[application/json],produces=[application/json]}" onto public org.springframework.http.ResponseEntity<com.insightlake.edp.common.model.ResponseWrapper<com.insightlake.edp.db.model.user.UserGroupMember>> com.insightlake.edp.api.user.controller.UserGroupMembersController.updateEntity(com.insightlake.edp.db.model.user.UserGroupMember) throws com.insightlake.edp.common.exception.DbException
2020-04-09 17:47:39.600  INFO 30918 --- [main] s.w.s.m.m.a.RequestMappingHandlerMapping : Mapped "{[/api/user/groupmembers],methods=[POST],consumes=[application/json],produces=[application/json]}" onto public org.springframework.http.ResponseEntity<com.insightlake.edp.common.model.ResponseWrapper<com.insightlake.edp.db.model.user.UserGroupMember>> com.insightlake.edp.api.user.controller.UserGroupMembersController.createEntity(com.insightlake.edp.db.model.user.UserGroupMember) throws com.insightlake.edp.common.exception.DbException
2020-04-09 17:47:39.601  INFO 30918 --- [main] s.w.s.m.m.a.RequestMappingHandlerMapping : Mapped "{[/api/user/groupmembers],methods=[GET],produces=[application/json]}" onto public org.springframework.http.ResponseEntity<com.insightlake.edp.common.model.ResponseWrapper<java.util.List<com.insightlake.edp.db.model.user.UserGroupMember>>> com.insightlake.edp.api.user.controller.UserGroupMembersController.getAllEntities() throws com.insightlake.edp.common.exception.DbException
2020-04-09 17:47:39.601  INFO 30918 --- [main] s.w.s.m.m.a.RequestMappingHandlerMapping : Mapped "{[/api/user/groupmembers/{id}],methods=[DELETE],consumes=[application/json]}" onto public org.springframework.http.ResponseEntity<com.insightlake.edp.common.model.ResponseWrapper<java.lang.String>> com.insightlake.edp.api.user.controller.UserGroupMembersController.deleteEntity(long) throws com.insightlake.edp.common.exception.DbException
2020-04-09 17:47:39.601  INFO 30918 --- [main] s.w.s.m.m.a.RequestMappingHandlerMapping : Mapped "{[/api/user/groupmembers/getAll/{groupId}],methods=[GET],produces=[application/json]}" onto public org.springframework.http.ResponseEntity<com.insightlake.edp.common.model.ResponseWrapper<java.util.List<com.insightlake.edp.db.model.user.User>>> com.insightlake.edp.api.user.controller.UserGroupMembersController.getAllUsers(long) throws com.insightlake.edp.common.exception.DbException
2020-04-09 17:47:39.605  INFO 30918 --- [main] s.w.s.m.m.a.RequestMappingHandlerMapping : Mapped "{[/error]}" onto public org.springframework.http.ResponseEntity<java.util.Map<java.lang.String, java.lang.Object>> org.springframework.boot.autoconfigure.web.servlet.error.BasicErrorController.error(javax.servlet.http.HttpServletRequest)
2020-04-09 17:47:39.605  INFO 30918 --- [main] s.w.s.m.m.a.RequestMappingHandlerMapping : Mapped "{[/error],produces=[text/html]}" onto public org.springframework.web.servlet.ModelAndView org.springframework.boot.autoconfigure.web.servlet.error.BasicErrorController.errorHtml(javax.servlet.http.HttpServletRequest,javax.servlet.http.HttpServletResponse)
2020-04-09 17:47:39.656  INFO 30918 --- [main] o.s.w.s.handler.SimpleUrlHandlerMapping  : Mapped URL path [/webjars/**] onto handler of type [class org.springframework.web.servlet.resource.ResourceHttpRequestHandler]
2020-04-09 17:47:39.657  INFO 30918 --- [main] o.s.w.s.handler.SimpleUrlHandlerMapping  : Mapped URL path [/**] onto handler of type [class org.springframework.web.servlet.resource.ResourceHttpRequestHandler]
2020-04-09 17:47:39.746  INFO 30918 --- [main] o.s.b.a.w.s.WelcomePageHandlerMapping    : Adding welcome page: class path resource [static/index.html]
2020-04-09 17:47:40.089  INFO 30918 --- [main] o.s.l.c.support.AbstractContextSource    : Property 'userDn' not set - anonymous context will be used for read-write operations
2020-04-09 17:47:40.305  INFO 30918 --- [main] o.s.j.e.a.AnnotationMBeanExporter        : Registering beans for JMX exposure on startup
2020-04-09 17:47:40.307  INFO 30918 --- [main] o.s.j.e.a.AnnotationMBeanExporter        : Bean with name 'dataSource' has been autodetected for JMX exposure
2020-04-09 17:47:40.315  INFO 30918 --- [main] o.s.j.e.a.AnnotationMBeanExporter        : Located MBean 'dataSource': registering with JMX server as MBean [com.zaxxer.hikari:name=dataSource,type=HikariDataSource]
2020-04-09 17:47:40.358  INFO 30918 --- [main] o.s.b.w.embedded.tomcat.TomcatWebServer  : Tomcat started on port(s): 9494 (http) with context path '/insightlake'
2020-04-09 17:47:40.362  INFO 30918 --- [main] c.i.edp.report.maker.ReportMakerApp      : Started ReportMakerApp in 14.983 seconds (JVM running for 23.565)
2020-04-09 17:48:27.786  INFO 30918 --- [http-nio-9494-exec-1] o.a.c.c.C.[.[localhost].[/insightlake]   : Initializing Spring FrameworkServlet 'dispatcherServlet'
2020-04-09 17:48:27.786  INFO 30918 --- [http-nio-9494-exec-1] o.s.web.servlet.DispatcherServlet        : FrameworkServlet 'dispatcherServlet': initialization started
2020-04-09 17:48:27.819  INFO 30918 --- [http-nio-9494-exec-1] o.s.web.servlet.DispatcherServlet        : FrameworkServlet 'dispatcherServlet': initialization completed in 33 ms
2020-04-09 17:48:29.127  INFO 30918 --- [http-nio-9494-exec-9] o.h.h.i.QueryTranslatorFactoryInitiator  : HHH000397: Using ASTQueryTranslatorFactory
2020-04-09 17:53:50.498  INFO 30918 --- [Thread-4] ConfigServletWebServerApplicationContext : Closing org.springframework.boot.web.servlet.context.AnnotationConfigServletWebServerApplicationContext@5a8816cc: startup date [Thu Apr 09 17:47:26 IST 2020]; root of context hierarchy
2020-04-09 17:53:50.514  INFO 30918 --- [Thread-4] o.s.j.e.a.AnnotationMBeanExporter        : Unregistering JMX-exposed beans on shutdown
2020-04-09 17:53:50.518  INFO 30918 --- [Thread-4] o.s.j.e.a.AnnotationMBeanExporter        : Unregistering JMX-exposed beans
2020-04-09 17:53:50.571  INFO 30918 --- [Thread-4] j.LocalContainerEntityManagerFactoryBean : Closing JPA EntityManagerFactory for persistence unit 'default'
2020-04-09 17:53:50.572  INFO 30918 --- [Thread-4] .SchemaDropperImpl$DelayedDropActionImpl : HHH000477: Starting delayed drop of schema as part of SessionFactory shut-down'
2020-04-09 17:53:50.659  INFO 30918 --- [Thread-4] com.zaxxer.hikari.HikariDataSource       : HikariPool-1 - Shutdown initiated...
2020-04-09 17:53:50.666  INFO 30918 --- [Thread-4] com.zaxxer.hikari.HikariDataSource       : HikariPool-1 - Shutdown completed.
